<?xml version="1.0" encoding="UTF-8"?>
<testng-results ignored="0" total="1" passed="1" failed="0" skipped="0">
  <reporter-output>
  </reporter-output>
  <suite started-at="2025-11-14T16:33:54 IST" name="Suite" finished-at="2025-11-14T16:33:58 IST" duration-ms="4801">
    <groups>
    </groups>
    <test started-at="2025-11-14T16:33:54 IST" name="Test" finished-at="2025-11-14T16:33:58 IST" duration-ms="4801">
      <class name="POM_package.LoginTest">
        <test-method signature="logintest()[pri:0, instance:POM_package.LoginTest@3c3d9b6b]" started-at="2025-11-14T16:33:54 IST" name="logintest" description="verify valid login scenario" finished-at="2025-11-14T16:33:58 IST" duration-ms="4669" status="PASS">
          <reporter-output>
          </reporter-output>
        </test-method> <!-- logintest -->
      </class> <!-- POM_package.LoginTest -->
    </test> <!-- Test -->
  </suite> <!-- Suite -->
</testng-results>
