<?xml version="1.0" encoding="UTF-8"?>
<testng-results ignored="0" total="1" passed="1" failed="0" skipped="0">
  <reporter-output>
  </reporter-output>
  <suite started-at="2025-11-10T16:52:39 IST" name="Suite" finished-at="2025-11-10T16:53:00 IST" duration-ms="20910">
    <groups>
    </groups>
    <test started-at="2025-11-10T16:52:39 IST" name="Test" finished-at="2025-11-10T16:53:00 IST" duration-ms="20910">
      <class name="POM_package.Login_test">
        <test-method is-config="true" signature="SetDriver()[pri:0, instance:POM_package.Login_test@6b927fb]" started-at="2025-11-10T16:52:39 IST" name="SetDriver" finished-at="2025-11-10T16:52:44 IST" duration-ms="5546" status="PASS">
          <reporter-output>
          </reporter-output>
        </test-method> <!-- SetDriver -->
        <test-method signature="verifyLogin()[pri:0, instance:POM_package.Login_test@6b927fb]" started-at="2025-11-10T16:52:44 IST" name="verifyLogin" finished-at="2025-11-10T16:53:00 IST" duration-ms="15338" status="PASS">
          <reporter-output>
          </reporter-output>
        </test-method> <!-- verifyLogin -->
      </class> <!-- POM_package.Login_test -->
    </test> <!-- Test -->
  </suite> <!-- Suite -->
</testng-results>
